<?xml version="1.0" encoding="UTF-8"?>
<!-- Generated by org.testng.reporters.JUnitReportReporter -->
<testsuite hostname="KarthikPC" failures="0" tests="1" name="TestRunner.TestRunner" time="27.404" errors="0" timestamp="2024-11-11T20:29:30 IST" skipped="0">
  <testcase classname="TestRunner.TestRunner" name="runScenario" time="27.404"/>
</testsuite> <!-- TestRunner.TestRunner -->
