<?xml version="1.0" encoding="UTF-8"?>
<!-- Generated by org.testng.reporters.JUnitReportReporter -->
<testsuite hostname="KarthikPC" failures="0" tests="1" name="TestRunner.TestRunnerTest" time="27.868" errors="0" timestamp="2024-11-13T18:51:26 IST" skipped="0">
  <testcase classname="TestRunner.TestRunnerTest" name="runScenario" time="27.868"/>
</testsuite> <!-- TestRunner.TestRunnerTest -->
