<?xml version="1.0" encoding="UTF-8"?>
<!-- Generated by org.testng.reporters.JUnitReportReporter -->
<testsuite hostname="KarthikPC" failures="0" tests="1" name="TestRunner.TestRunnerTest" time="28.430" errors="0" timestamp="2024-11-13T19:00:00 IST" skipped="0">
  <testcase classname="TestRunner.TestRunnerTest" name="runScenario" time="28.430"/>
</testsuite> <!-- TestRunner.TestRunnerTest -->
